#-----------------------------------------------------------
# Vivado v2019.1 (64-bit)
# SW Build 2552052 on Fri May 24 14:49:42 MDT 2019
# IP Build 2548770 on Fri May 24 18:01:18 MDT 2019
# Start of session at: Wed Jan  8 13:13:00 2020
# Process ID: 8124
# Current directory: C:/Users/murea/OneDrive/Desktop/ProiectSSCBasys3/project_1
# Command line: vivado.exe -gui_launcher_event rodinguilauncherevent2568 C:\Users\murea\OneDrive\Desktop\ProiectSSCBasys3\project_1\project_1.xpr
# Log file: C:/Users/murea/OneDrive/Desktop/ProiectSSCBasys3/project_1/vivado.log
# Journal file: C:/Users/murea/OneDrive/Desktop/ProiectSSCBasys3/project_1\vivado.jou
#-----------------------------------------------------------
start_gui
open_project C:/Users/murea/OneDrive/Desktop/ProiectSSCBasys3/project_1/project_1.xpr
Scanning sources...
Finished scanning sources
INFO: [IP_Flow 19-234] Refreshing IP repositories
INFO: [IP_Flow 19-1704] No user IP repositories specified
INFO: [IP_Flow 19-2313] Loaded Vivado IP repository 'D:/xilinx/Vivado/2019.1/data/ip'.
open_project: Time (s): cpu = 00:00:15 ; elapsed = 00:00:06 . Memory (MB): peak = 752.113 ; gain = 95.711
update_compile_order -fileset sources_1
reset_run synth_1
launch_runs impl_1 -to_step write_bitstream -jobs 4
[Wed Jan  8 13:13:47 2020] Launched synth_1...
Run output will be captured here: C:/Users/murea/OneDrive/Desktop/ProiectSSCBasys3/project_1/project_1.runs/synth_1/runme.log
[Wed Jan  8 13:13:47 2020] Launched impl_1...
Run output will be captured here: C:/Users/murea/OneDrive/Desktop/ProiectSSCBasys3/project_1/project_1.runs/impl_1/runme.log
reset_run synth_1
launch_runs impl_1 -to_step write_bitstream -jobs 4
[Wed Jan  8 13:16:08 2020] Launched synth_1...
Run output will be captured here: C:/Users/murea/OneDrive/Desktop/ProiectSSCBasys3/project_1/project_1.runs/synth_1/runme.log
[Wed Jan  8 13:16:08 2020] Launched impl_1...
Run output will be captured here: C:/Users/murea/OneDrive/Desktop/ProiectSSCBasys3/project_1/project_1.runs/impl_1/runme.log
open_hw
connect_hw_server
INFO: [Labtools 27-2285] Connecting to hw_server url TCP:localhost:3121
INFO: [Labtools 27-2222] Launching hw_server...
INFO: [Labtools 27-2221] Launch Output:

****** Xilinx hw_server v2019.1
  **** Build date : May 24 2019 at 15:13:31
    ** Copyright 1986-2019 Xilinx, Inc. All Rights Reserved.


open_hw_target
INFO: [Labtoolstcl 44-466] Opening hw_target localhost:3121/xilinx_tcf/Digilent/210183AB44E4A
open_hw_target: Time (s): cpu = 00:00:05 ; elapsed = 00:00:05 . Memory (MB): peak = 1939.883 ; gain = 1078.164
set_property PROGRAM.FILE {C:/Users/murea/OneDrive/Desktop/ProiectSSCBasys3/project_1/project_1.runs/impl_1/Main.bit} [get_hw_devices xc7a35t_0]
current_hw_device [get_hw_devices xc7a35t_0]
refresh_hw_device -update_hw_probes false [lindex [get_hw_devices xc7a35t_0] 0]
INFO: [Labtools 27-1434] Device xc7a35t (JTAG device index = 0) is programmed with a design that has no supported debug core(s) in it.
set_property PROBES.FILE {} [get_hw_devices xc7a35t_0]
set_property FULL_PROBES.FILE {} [get_hw_devices xc7a35t_0]
set_property PROGRAM.FILE {C:/Users/murea/OneDrive/Desktop/ProiectSSCBasys3/project_1/project_1.runs/impl_1/Main.bit} [get_hw_devices xc7a35t_0]
program_hw_devices [get_hw_devices xc7a35t_0]
INFO: [Labtools 27-3164] End of startup status: HIGH
refresh_hw_device [lindex [get_hw_devices xc7a35t_0] 0]
INFO: [Labtools 27-1434] Device xc7a35t (JTAG device index = 0) is programmed with a design that has no supported debug core(s) in it.
reset_run synth_1
launch_runs impl_1 -to_step write_bitstream -jobs 4
[Wed Jan  8 13:24:23 2020] Launched synth_1...
Run output will be captured here: C:/Users/murea/OneDrive/Desktop/ProiectSSCBasys3/project_1/project_1.runs/synth_1/runme.log
[Wed Jan  8 13:24:23 2020] Launched impl_1...
Run output will be captured here: C:/Users/murea/OneDrive/Desktop/ProiectSSCBasys3/project_1/project_1.runs/impl_1/runme.log
close_hw
open_hw
connect_hw_server
INFO: [Labtools 27-2285] Connecting to hw_server url TCP:localhost:3121
INFO: [Labtools 27-2222] Launching hw_server...
INFO: [Labtools 27-2221] Launch Output:

****** Xilinx hw_server v2019.1
  **** Build date : May 24 2019 at 15:13:31
    ** Copyright 1986-2019 Xilinx, Inc. All Rights Reserved.


open_hw_target
INFO: [Labtoolstcl 44-466] Opening hw_target localhost:3121/xilinx_tcf/Digilent/210183AB44E4A
set_property PROGRAM.FILE {C:/Users/murea/OneDrive/Desktop/ProiectSSCBasys3/project_1/project_1.runs/impl_1/Main.bit} [get_hw_devices xc7a35t_0]
current_hw_device [get_hw_devices xc7a35t_0]
refresh_hw_device -update_hw_probes false [lindex [get_hw_devices xc7a35t_0] 0]
INFO: [Labtools 27-1434] Device xc7a35t (JTAG device index = 0) is programmed with a design that has no supported debug core(s) in it.
set_property PROBES.FILE {} [get_hw_devices xc7a35t_0]
set_property FULL_PROBES.FILE {} [get_hw_devices xc7a35t_0]
set_property PROGRAM.FILE {C:/Users/murea/OneDrive/Desktop/ProiectSSCBasys3/project_1/project_1.runs/impl_1/Main.bit} [get_hw_devices xc7a35t_0]
program_hw_devices [get_hw_devices xc7a35t_0]
INFO: [Labtools 27-3164] End of startup status: HIGH
refresh_hw_device [lindex [get_hw_devices xc7a35t_0] 0]
INFO: [Labtools 27-1434] Device xc7a35t (JTAG device index = 0) is programmed with a design that has no supported debug core(s) in it.
reset_run synth_1
launch_runs impl_1 -to_step write_bitstream -jobs 4
[Wed Jan  8 13:32:54 2020] Launched synth_1...
Run output will be captured here: C:/Users/murea/OneDrive/Desktop/ProiectSSCBasys3/project_1/project_1.runs/synth_1/runme.log
[Wed Jan  8 13:32:55 2020] Launched impl_1...
Run output will be captured here: C:/Users/murea/OneDrive/Desktop/ProiectSSCBasys3/project_1/project_1.runs/impl_1/runme.log
reset_run synth_1
launch_runs impl_1 -to_step write_bitstream -jobs 4
[Wed Jan  8 13:33:42 2020] Launched synth_1...
Run output will be captured here: C:/Users/murea/OneDrive/Desktop/ProiectSSCBasys3/project_1/project_1.runs/synth_1/runme.log
[Wed Jan  8 13:33:42 2020] Launched impl_1...
Run output will be captured here: C:/Users/murea/OneDrive/Desktop/ProiectSSCBasys3/project_1/project_1.runs/impl_1/runme.log
reset_run synth_1
launch_runs impl_1 -to_step write_bitstream -jobs 4
[Wed Jan  8 13:34:48 2020] Launched synth_1...
Run output will be captured here: C:/Users/murea/OneDrive/Desktop/ProiectSSCBasys3/project_1/project_1.runs/synth_1/runme.log
[Wed Jan  8 13:34:48 2020] Launched impl_1...
Run output will be captured here: C:/Users/murea/OneDrive/Desktop/ProiectSSCBasys3/project_1/project_1.runs/impl_1/runme.log
reset_run synth_1
launch_runs impl_1 -to_step write_bitstream -jobs 4
[Wed Jan  8 13:35:28 2020] Launched synth_1...
Run output will be captured here: C:/Users/murea/OneDrive/Desktop/ProiectSSCBasys3/project_1/project_1.runs/synth_1/runme.log
[Wed Jan  8 13:35:28 2020] Launched impl_1...
Run output will be captured here: C:/Users/murea/OneDrive/Desktop/ProiectSSCBasys3/project_1/project_1.runs/impl_1/runme.log
set_property PROBES.FILE {} [get_hw_devices xc7a35t_0]
set_property FULL_PROBES.FILE {} [get_hw_devices xc7a35t_0]
set_property PROGRAM.FILE {C:/Users/murea/OneDrive/Desktop/ProiectSSCBasys3/project_1/project_1.runs/impl_1/Main.bit} [get_hw_devices xc7a35t_0]
program_hw_devices [get_hw_devices xc7a35t_0]
INFO: [Labtools 27-3164] End of startup status: HIGH
refresh_hw_device [lindex [get_hw_devices xc7a35t_0] 0]
INFO: [Labtools 27-1434] Device xc7a35t (JTAG device index = 0) is programmed with a design that has no supported debug core(s) in it.
set_property PROBES.FILE {} [get_hw_devices xc7a35t_0]
set_property FULL_PROBES.FILE {} [get_hw_devices xc7a35t_0]
set_property PROGRAM.FILE {C:/Users/murea/OneDrive/Desktop/ProiectSSCBasys3/project_1/project_1.runs/impl_1/Main.bit} [get_hw_devices xc7a35t_0]
program_hw_devices [get_hw_devices xc7a35t_0]
INFO: [Labtools 27-3164] End of startup status: HIGH
refresh_hw_device [lindex [get_hw_devices xc7a35t_0] 0]
INFO: [Labtools 27-1434] Device xc7a35t (JTAG device index = 0) is programmed with a design that has no supported debug core(s) in it.
ERROR: [Labtoolstcl 44-513] HW Target shutdown. Closing target: localhost:3121/xilinx_tcf/Digilent/210183AB44E4A
